#
# There is insufficient memory for the Java Runtime Environment to continue.
# Native memory allocation (mmap) failed to map 134217728 bytes for Failed to commit area from 0x0000000081400000 to 0x0000000089400000 of length 134217728.
# Possible reasons:
#   The system is out of physical RAM or swap space
#   The process is running with CompressedOops enabled, and the Java Heap may be blocking the growth of the native heap
# Possible solutions:
#   Reduce memory load on the system
#   Increase physical memory or swap space
#   Check if swap backing store is full
#   Decrease Java heap size (-Xmx/-Xms)
#   Decrease number of Java threads
#   Decrease Java thread stack sizes (-Xss)
#   Set larger code cache with -XX:ReservedCodeCacheSize=
# This output file may be truncated or incomplete.
#
#  Out of Memory Error (./src/hotspot/os/windows/os_windows.cpp:3511), pid=7564, tid=11572
#
# JRE version:  (11.0.11+9) (build )
# Java VM: OpenJDK 64-Bit Server VM (11.0.11+9-b1504.16, mixed mode, sharing, tiered, compressed oops, g1 gc, windows-amd64)
# No core dump will be written. Minidumps are not enabled by default on client versions of Windows
#

---------------  S U M M A R Y ------------

Command Line: git4idea.http.GitAskPassApp Username for 'https://github.com': 

Host: Intel(R) Core(TM) i7-4700MQ CPU @ 2.40GHz, 8 cores, 7G,  Windows 7 , 64 bit Build 7601 (6.1.7601.18015)
Time: Wed Jul 27 22:55:41 2022 Ainoi?iay Aa?iia (ceia) elapsed time: 0.229285 seconds (0d 0h 0m 0s)

---------------  T H R E A D  ---------------

Current thread (0x0000000000435000):  JavaThread "Unknown thread" [_thread_in_vm, id=11572, stack(0x0000000002660000,0x0000000002760000)]

Stack: [0x0000000002660000,0x0000000002760000]
Native frames: (J=compiled Java code, j=interpreted, Vv=VM code, C=native code)
V  [jvm.dll+0x5f5d5a]
V  [jvm.dll+0x7798b5]
V  [jvm.dll+0x77aecd]
V  [jvm.dll+0x77b583]
V  [jvm.dll+0x244978]
V  [jvm.dll+0x5f3174]
V  [jvm.dll+0x5e7d55]
V  [jvm.dll+0x30068b]
V  [jvm.dll+0x3005fa]
V  [jvm.dll+0x3004d2]
V  [jvm.dll+0x3053c6]
V  [jvm.dll+0x34e0a3]
V  [jvm.dll+0x34e7a6]
V  [jvm.dll+0x34e1a3]
V  [jvm.dll+0x2db0c8]
V  [jvm.dll+0x2dc267]
V  [jvm.dll+0x758057]
V  [jvm.dll+0x75984c]
V  [jvm.dll+0x35b659]
V  [jvm.dll+0x73b67e]
V  [jvm.dll+0x3c39f3]
V  [jvm.dll+0x3c5dd1]
C  [jli.dll+0x5373]
C  [ucrtbase.DLL+0x6be1d]
C  [kernel32.dll+0x1652d]
C  [ntdll.dll+0x2c541]


---------------  P R O C E S S  ---------------

Threads class SMR info:
_java_thread_list=0x0000000000414320, length=0, elements={
}

Java Threads: ( => current thread )

Other Threads:
  0x000000000044d000 GCTaskThread "GC Thread#0" [stack: 0x00000000029c0000,0x0000000002ac0000] [id=1040]
  0x000000001ac41000 ConcurrentGCThread "G1 Main Marker" [stack: 0x000000001ad90000,0x000000001ae90000] [id=13204]
  0x000000001ac42000 ConcurrentGCThread "G1 Conc#0" [stack: 0x000000001aef0000,0x000000001aff0000] [id=12748]

[error occurred during error reporting (printing all threads), id 0xc0000005, EXCEPTION_ACCESS_VIOLATION (0xc0000005) at pc=0x000007fee9e1b8f7]

VM state:not at safepoint (not fully initialized)

VM Mutex/Monitor currently owned by a thread:  ([mutex/lock_event])
[0x0000000000433160] Heap_lock - owner thread: 0x0000000000435000

Heap address: 0x0000000081400000, size: 2028 MB, Compressed Oops mode: Non-zero based: 0x0000000081400000
Narrow klass base: 0x0000000000000000, Narrow klass shift: 0

GC Heap History (0 events):
No events

Deoptimization events (0 events):
No events

Classes redefined (0 events):
No events

Internal exceptions (0 events):
No events

Events (1 events):
Event: 0.003 Loaded shared library E:\IntelliJ-IDEA-Community-Edition-2021.2.1\jbr\bin\zip.dll


Dynamic libraries:
0x000000013fd70000 - 0x000000013fd7a000 	E:\IntelliJ-IDEA-Community-Edition-2021.2.1\jbr\bin\java.exe
0x0000000077720000 - 0x00000000778c9000 	C:\Windows\SYSTEM32\ntdll.dll
0x0000000077500000 - 0x000000007761f000 	C:\Windows\system32\kernel32.dll
0x000007fefd750000 - 0x000007fefd7bb000 	C:\Windows\system32\KERNELBASE.dll
0x000007feee180000 - 0x000007feee199000 	E:\IntelliJ-IDEA-Community-Edition-2021.2.1\jbr\bin\jli.dll
0x000007fefb680000 - 0x000007fefb874000 	C:\Windows\WinSxS\amd64_microsoft.windows.common-controls_6595b64144ccf1df_6.0.7601.17514_none_fa396087175ac9ac\COMCTL32.dll
0x000007feff790000 - 0x000007feff82f000 	C:\Windows\system32\msvcrt.dll
0x000007feff9c0000 - 0x000007feffa27000 	C:\Windows\system32\GDI32.dll
0x0000000077620000 - 0x000000007771a000 	C:\Windows\system32\USER32.dll
0x000007feff9b0000 - 0x000007feff9be000 	C:\Windows\system32\LPK.dll
0x000007fefeee0000 - 0x000007fefefa9000 	C:\Windows\system32\USP10.dll
0x000007feff670000 - 0x000007feff6e1000 	C:\Windows\system32\SHLWAPI.dll
0x000007feef870000 - 0x000007feef887000 	E:\IntelliJ-IDEA-Community-Edition-2021.2.1\jbr\bin\VCRUNTIME140.dll
0x000007fef59e0000 - 0x000007fef59e4000 	C:\Windows\system32\api-ms-win-crt-runtime-l1-1-0.dll
0x000007fef58e0000 - 0x000007fef59d4000 	C:\Windows\system32\ucrtbase.DLL
0x000007fef58d0000 - 0x000007fef58d3000 	C:\Windows\system32\api-ms-win-core-timezone-l1-1-0.dll
0x000007fef58c0000 - 0x000007fef58c3000 	C:\Windows\system32\api-ms-win-core-file-l2-1-0.dll
0x000007fef58b0000 - 0x000007fef58b3000 	C:\Windows\system32\api-ms-win-core-localization-l1-2-0.dll
0x000007fef58a0000 - 0x000007fef58a3000 	C:\Windows\system32\api-ms-win-core-synch-l1-2-0.dll
0x000007fef5890000 - 0x000007fef5893000 	C:\Windows\system32\api-ms-win-core-processthreads-l1-1-1.dll
0x000007fef5880000 - 0x000007fef5883000 	C:\Windows\system32\api-ms-win-core-file-l1-2-0.dll
0x000007fef5860000 - 0x000007fef5864000 	C:\Windows\system32\api-ms-win-crt-string-l1-1-0.dll
0x000007fef5870000 - 0x000007fef5873000 	C:\Windows\system32\api-ms-win-crt-heap-l1-1-0.dll
0x000007fef5850000 - 0x000007fef5854000 	C:\Windows\system32\api-ms-win-crt-stdio-l1-1-0.dll
0x000007fef5840000 - 0x000007fef5844000 	C:\Windows\system32\api-ms-win-crt-convert-l1-1-0.dll
0x000007fef5800000 - 0x000007fef5803000 	C:\Windows\system32\api-ms-win-crt-environment-l1-1-0.dll
0x000007fef5810000 - 0x000007fef5813000 	C:\Windows\system32\api-ms-win-crt-filesystem-l1-1-0.dll
0x000007fef56b0000 - 0x000007fef56b5000 	C:\Windows\system32\api-ms-win-crt-math-l1-1-0.dll
0x000007fef56c0000 - 0x000007fef56c3000 	C:\Windows\system32\api-ms-win-crt-locale-l1-1-0.dll
0x000007fefdf40000 - 0x000007fefdf6e000 	C:\Windows\system32\IMM32.DLL
0x000007feff8a0000 - 0x000007feff9a9000 	C:\Windows\system32\MSCTF.dll
0x000007fefd400000 - 0x000007fefd431000 	C:\Windows\system32\nvinitx.dll
0x000007fefd3f0000 - 0x000007fefd3fc000 	C:\Windows\system32\VERSION.dll
0x000007fefde60000 - 0x000007fefdf3b000 	C:\Windows\system32\ADVAPI32.dll
0x000007feff3f0000 - 0x000007feff40f000 	C:\Windows\SYSTEM32\sechost.dll
0x000007fefefb0000 - 0x000007feff0dd000 	C:\Windows\system32\RPCRT4.dll
0x0000000074a40000 - 0x0000000074a46000 	C:\Program Files\NVIDIA Corporation\CoProcManager\detoured.dll
0x000007fef6450000 - 0x000007fef6482000 	C:\Program Files\NVIDIA Corporation\CoProcManager\nvd3d9wrapx.dll
0x000007fefdf70000 - 0x000007fefe147000 	C:\Windows\system32\SETUPAPI.dll
0x000007fefd850000 - 0x000007fefd886000 	C:\Windows\system32\CFGMGR32.dll
0x000007feff0e0000 - 0x000007feff1b7000 	C:\Windows\system32\OLEAUT32.dll
0x000007fefd970000 - 0x000007fefdb73000 	C:\Windows\system32\ole32.dll
0x000007fefd830000 - 0x000007fefd84a000 	C:\Windows\system32\DEVOBJ.dll
0x000007fef1d60000 - 0x000007fef1d82000 	C:\Program Files\NVIDIA Corporation\CoProcManager\nvdxgiwrapx.dll
0x000007fee9730000 - 0x000007fee97cd000 	E:\IntelliJ-IDEA-Community-Edition-2021.2.1\jbr\bin\msvcp140.dll
0x000007fef5560000 - 0x000007fef5565000 	C:\Windows\system32\api-ms-win-crt-multibyte-l1-1-0.dll
0x000007fef5830000 - 0x000007fef5833000 	C:\Windows\system32\api-ms-win-crt-time-l1-1-0.dll
0x000007fef5820000 - 0x000007fef5823000 	C:\Windows\system32\api-ms-win-crt-utility-l1-1-0.dll
0x000007fee9b30000 - 0x000007feea67a000 	E:\IntelliJ-IDEA-Community-Edition-2021.2.1\jbr\bin\server\jvm.dll
0x000007fef7c30000 - 0x000007fef7c39000 	C:\Windows\system32\WSOCK32.dll
0x000007feff850000 - 0x000007feff89d000 	C:\Windows\system32\WS2_32.dll
0x000007fefdb80000 - 0x000007fefdb88000 	C:\Windows\system32\NSI.dll
0x000007fef9810000 - 0x000007fef984b000 	C:\Windows\system32\WINMM.dll
0x00000000778e0000 - 0x00000000778e7000 	C:\Windows\system32\PSAPI.DLL
0x000007fefb600000 - 0x000007fefb611000 	E:\IntelliJ-IDEA-Community-Edition-2021.2.1\jbr\bin\verify.dll
0x000007fef5580000 - 0x000007fef56a5000 	C:\Windows\system32\DBGHELP.DLL
0x000007feef950000 - 0x000007feef979000 	E:\IntelliJ-IDEA-Community-Edition-2021.2.1\jbr\bin\java.dll
0x000007fefc190000 - 0x000007fefc19b000 	E:\IntelliJ-IDEA-Community-Edition-2021.2.1\jbr\bin\jimage.dll
0x000007feef990000 - 0x000007feef9a8000 	E:\IntelliJ-IDEA-Community-Edition-2021.2.1\jbr\bin\zip.dll

dbghelp: loaded successfully - version: 4.0.5 - missing functions: none
symbol engine: initialized successfully - sym options: 0x614 - pdb path: .;E:\IntelliJ-IDEA-Community-Edition-2021.2.1\jbr\bin;C:\Windows\SYSTEM32;C:\Windows\WinSxS\amd64_microsoft.windows.common-controls_6595b64144ccf1df_6.0.7601.17514_none_fa396087175ac9ac;C:\Program Files\NVIDIA Corporation\CoProcManager;E:\IntelliJ-IDEA-Community-Edition-2021.2.1\jbr\bin\server

VM Arguments:
java_command: git4idea.http.GitAskPassApp Username for 'https://github.com': 
java_class_path (initial): E:/IntelliJ-IDEA-Community-Edition-2021.2.1/plugins/git4idea/lib/git4idea-rt.jar;E:/IntelliJ-IDEA-Community-Edition-2021.2.1/lib/3rd-party.jar
Launcher Type: SUN_STANDARD

[Global flags]
     intx CICompilerCount                          = 4                                         {product} {ergonomic}
     uint ConcGCThreads                            = 2                                         {product} {ergonomic}
     uint G1ConcRefinementThreads                  = 8                                         {product} {ergonomic}
   size_t G1HeapRegionSize                         = 1048576                                   {product} {ergonomic}
    uintx GCDrainStackTargetSize                   = 64                                        {product} {ergonomic}
   size_t InitialHeapSize                          = 134217728                                 {product} {ergonomic}
   size_t MarkStackSize                            = 4194304                                   {product} {ergonomic}
   size_t MaxHeapSize                              = 2126512128                                {product} {ergonomic}
   size_t MinHeapDeltaBytes                        = 1048576                                   {product} {ergonomic}
    uintx NonNMethodCodeHeapSize                   = 5836300                                {pd product} {ergonomic}
    uintx NonProfiledCodeHeapSize                  = 122910970                              {pd product} {ergonomic}
    uintx ProfiledCodeHeapSize                     = 122910970                              {pd product} {ergonomic}
    uintx ReservedCodeCacheSize                    = 251658240                              {pd product} {ergonomic}
     bool SegmentedCodeCache                       = true                                      {product} {ergonomic}
     bool UseCompressedClassPointers               = true                                 {lp64_product} {ergonomic}
     bool UseCompressedOops                        = true                                 {lp64_product} {ergonomic}
     bool UseG1GC                                  = true                                      {product} {ergonomic}
     bool UseLargePagesIndividualAllocation        = false                                  {pd product} {ergonomic}

Logging:
Log output configuration:
 #0: stdout all=warning uptime,level,tags
 #1: stderr all=off uptime,level,tags

Environment Variables:
JAVA_HOME=C:\Program Files\Java\jdk-17.0.3.1
PATH=C:/Program Files/Git/mingw64/libexec/git-core;C:/Program Files/Git/mingw64/libexec/git-core;C:\Program Files\Git\mingw64\bin;C:\Program Files\Git\usr\bin;C:\Users\Lenovo\bin;C:\Program Files\Common Files\Oracle\Java\javapath;C:\Program Files (x86)\Common Files\Oracle\Java\javapath;C:\Program Files (x86)\Intel\iCLS Client\;C:\Program Files\Intel\iCLS Client\;C:\Windows\system32;C:\Windows;C:\Windows\System32\Wbem;C:\Windows\System32\WindowsPowerShell\v1.0\;C:\Program Files\Intel\Intel(R) Management Engine Components\DAL;C:\Program Files\Intel\Intel(R) Management Engine Components\IPT;C:\Program Files (x86)\Intel\Intel(R) Management Engine Components\DAL;C:\Program Files (x86)\Intel\Intel(R) Management Engine Components\IPT;C:\Program Files (x86)\Intel\OpenCL SDK\3.0\bin\x86;C:\Program Files (x86)\Intel\OpenCL SDK\3.0\bin\x64;C:\Program Files (x86)\Microsoft SQL Server\110\Tools\Binn\;C:\Program Files\Microsoft SQL Server\110\Tools\Binn\;C:\Program Files\Microsoft SQL Server\110\DTS\Binn\;C:\Program Files\Intel\WiFi\bin\;C:\Program Files\Common Files\Intel\WirelessCommon\;C:\Program Files (x86)\Windows Kits\8.1\Windows Performance Toolkit\;C:\Program Files\Git\cmd;C:\Program Files\MySQL\MySQL Shell 8.0\bin\;C:\Program Files\Java\jdk1.8.0_301\bin\;C:\Program Files\Maven\apache-maven-3.8.5\bin\;C:\Program Files\Docker Toolbox;C:\Program Files\heroku\bin
USERNAME=Lenovo
DISPLAY=:0.0
LC_ALL=en_US.UTF-8
OS=Windows_NT
PROCESSOR_IDENTIFIER=Intel64 Family 6 Model 60 Stepping 3, GenuineIntel



---------------  S Y S T E M  ---------------

OS: Windows 7 , 64 bit Build 7601 (6.1.7601.18015)
OS uptime: 4 days 2:50 hours

CPU:total 8 (initial active 8) (4 cores per cpu, 2 threads per core) family 6 model 60 stepping 3 microcode 0x0, cmov, cx8, fxsr, mmx, sse, sse2, sse3, ssse3, sse4.1, sse4.2, popcnt, avx, avx2, aes, clmul, erms, lzcnt, ht, tsc, tscinvbit, bmi1, bmi2, fma

Memory: 4k page, system-wide physical 8108M (832M free)
TotalPageFile size 18106M (AvailPageFile size 97M)
current process WorkingSet (physical memory assigned to process): 12M, peak: 12M
current process commit charge ("private bytes"): 68M, peak: 194M

vm_info: OpenJDK 64-Bit Server VM (11.0.11+9-b1504.16) for windows-amd64 JRE (11.0.11+9-b1504.16), built on Aug  9 2021 01:34:19 by "" with MS VC++ 14.0 (VS2015)

END.
